161206 17:51:09 [Note] Plugin 'FEDERATED' is disabled.
161206 17:51:11 InnoDB: The InnoDB memory heap is disabled
161206 17:51:11 InnoDB: Mutexes and rw_locks use Windows interlocked functions
161206 17:51:11 InnoDB: Compressed tables use zlib 1.2.3
161206 17:51:11 InnoDB: Initializing buffer pool, size = 128.0M
161206 17:51:11 InnoDB: Completed initialization of buffer pool
InnoDB: The first specified data file .\ibdata1 did not exist:
InnoDB: a new database to be created!
161206 17:51:11  InnoDB: Setting file .\ibdata1 size to 10 MB
InnoDB: Database physically writes the file full: wait...
161206 17:51:12  InnoDB: Log file .\ib_logfile0 did not exist: new to be created
InnoDB: Setting log file .\ib_logfile0 size to 5 MB
InnoDB: Database physically writes the file full: wait...
161206 17:51:13  InnoDB: Log file .\ib_logfile1 did not exist: new to be created
InnoDB: Setting log file .\ib_logfile1 size to 5 MB
InnoDB: Database physically writes the file full: wait...
InnoDB: Doublewrite buffer not found: creating new
InnoDB: Doublewrite buffer created
InnoDB: 127 rollback segment(s) active.
InnoDB: Creating foreign key constraint system tables
InnoDB: Foreign key constraint system tables created
161206 17:51:16  InnoDB: Waiting for the background threads to start
161206 17:51:17 InnoDB: 1.1.8 started; log sequence number 0
161206 17:51:17 [Note] Server hostname (bind-address): '127.0.0.1'; port: 3306
161206 17:51:17 [Note]   - '127.0.0.1' resolves to '127.0.0.1';
161206 17:51:17 [Note] Server socket created on IP: '127.0.0.1'.
161206 17:51:17 [Note] Event Scheduler: Loaded 0 events
161206 17:51:17 [Note] \usr\local\mysql-5.5\bin\mysqld.exe: ready for connections.
Version: '5.5.25'  socket: ''  port: 3306  MySQL Community Server (GPL)
161206 18:02:18 [Note] Plugin 'FEDERATED' is disabled.
161206 18:02:18 InnoDB: The InnoDB memory heap is disabled
161206 18:02:18 InnoDB: Mutexes and rw_locks use Windows interlocked functions
161206 18:02:18 InnoDB: Compressed tables use zlib 1.2.3
161206 18:02:18 InnoDB: Initializing buffer pool, size = 128.0M
161206 18:02:18 InnoDB: Completed initialization of buffer pool
161206 18:02:18 InnoDB: highest supported file format is Barracuda.
InnoDB: The log sequence number in ibdata files does not match
InnoDB: the log sequence number in the ib_logfiles!
161206 18:02:18  InnoDB: Database was not shut down normally!
InnoDB: Starting crash recovery.
InnoDB: Reading tablespace information from the .ibd files...
InnoDB: Restoring possible half-written data pages from the doublewrite
InnoDB: buffer...
161206 18:02:18  InnoDB: Waiting for the background threads to start
161206 18:02:19 InnoDB: 1.1.8 started; log sequence number 1595675
161206 18:02:19 [Note] Server hostname (bind-address): '127.0.0.1'; port: 3306
161206 18:02:19 [Note]   - '127.0.0.1' resolves to '127.0.0.1';
161206 18:02:19 [Note] Server socket created on IP: '127.0.0.1'.
161206 18:02:20 [Note] Event Scheduler: Loaded 0 events
161206 18:02:20 [Note] \usr\local\mysql-5.5\bin\mysqld.exe: ready for connections.
Version: '5.5.25'  socket: ''  port: 3306  MySQL Community Server (GPL)
161206 18:06:55 [Note] Plugin 'FEDERATED' is disabled.
161206 18:06:55 InnoDB: The InnoDB memory heap is disabled
161206 18:06:55 InnoDB: Mutexes and rw_locks use Windows interlocked functions
161206 18:06:55 InnoDB: Compressed tables use zlib 1.2.3
161206 18:06:55 InnoDB: Initializing buffer pool, size = 128.0M
161206 18:06:55 InnoDB: Completed initialization of buffer pool
161206 18:06:55 InnoDB: highest supported file format is Barracuda.
InnoDB: The log sequence number in ibdata files does not match
InnoDB: the log sequence number in the ib_logfiles!
161206 18:06:55  InnoDB: Database was not shut down normally!
InnoDB: Starting crash recovery.
InnoDB: Reading tablespace information from the .ibd files...
InnoDB: Restoring possible half-written data pages from the doublewrite
InnoDB: buffer...
161206 18:06:55  InnoDB: Waiting for the background threads to start
161206 18:06:56 InnoDB: 1.1.8 started; log sequence number 1595675
161206 18:06:56 [Note] Server hostname (bind-address): '127.0.0.1'; port: 3306
161206 18:06:56 [Note]   - '127.0.0.1' resolves to '127.0.0.1';
161206 18:06:56 [Note] Server socket created on IP: '127.0.0.1'.
161206 18:06:56 [Note] Event Scheduler: Loaded 0 events
161206 18:06:56 [Note] \usr\local\mysql-5.5\bin\mysqld.exe: ready for connections.
Version: '5.5.25'  socket: ''  port: 3306  MySQL Community Server (GPL)
161206 18:11:32 [Note] Plugin 'FEDERATED' is disabled.
161206 18:11:32 InnoDB: The InnoDB memory heap is disabled
161206 18:11:32 InnoDB: Mutexes and rw_locks use Windows interlocked functions
161206 18:11:32 InnoDB: Compressed tables use zlib 1.2.3
161206 18:11:32 InnoDB: Initializing buffer pool, size = 128.0M
161206 18:11:32 InnoDB: Completed initialization of buffer pool
161206 18:11:32 InnoDB: highest supported file format is Barracuda.
InnoDB: The log sequence number in ibdata files does not match
InnoDB: the log sequence number in the ib_logfiles!
161206 18:11:32  InnoDB: Database was not shut down normally!
InnoDB: Starting crash recovery.
InnoDB: Reading tablespace information from the .ibd files...
InnoDB: Restoring possible half-written data pages from the doublewrite
InnoDB: buffer...
161206 18:11:32  InnoDB: Waiting for the background threads to start
161206 18:11:33 InnoDB: 1.1.8 started; log sequence number 1595675
161206 18:11:33 [Note] Server hostname (bind-address): '127.0.0.1'; port: 3306
161206 18:11:33 [Note]   - '127.0.0.1' resolves to '127.0.0.1';
161206 18:11:33 [Note] Server socket created on IP: '127.0.0.1'.
161206 18:11:33 [Note] Event Scheduler: Loaded 0 events
161206 18:11:33 [Note] \usr\local\mysql-5.5\bin\mysqld.exe: ready for connections.
Version: '5.5.25'  socket: ''  port: 3306  MySQL Community Server (GPL)
161206 18:22:33 [Note] Plugin 'FEDERATED' is disabled.
161206 18:22:33 InnoDB: The InnoDB memory heap is disabled
161206 18:22:33 InnoDB: Mutexes and rw_locks use Windows interlocked functions
161206 18:22:33 InnoDB: Compressed tables use zlib 1.2.3
161206 18:22:33 InnoDB: Initializing buffer pool, size = 128.0M
161206 18:22:33 InnoDB: Completed initialization of buffer pool
161206 18:22:33 InnoDB: highest supported file format is Barracuda.
InnoDB: The log sequence number in ibdata files does not match
InnoDB: the log sequence number in the ib_logfiles!
161206 18:22:33  InnoDB: Database was not shut down normally!
InnoDB: Starting crash recovery.
InnoDB: Reading tablespace information from the .ibd files...
InnoDB: Restoring possible half-written data pages from the doublewrite
InnoDB: buffer...
161206 18:22:34  InnoDB: Waiting for the background threads to start
161206 18:22:35 InnoDB: 1.1.8 started; log sequence number 1595675
161206 18:22:35 [Note] Server hostname (bind-address): '127.0.0.1'; port: 3306
161206 18:22:35 [Note]   - '127.0.0.1' resolves to '127.0.0.1';
161206 18:22:35 [Note] Server socket created on IP: '127.0.0.1'.
161206 18:22:35 [Note] Event Scheduler: Loaded 0 events
161206 18:22:35 [Note] \usr\local\mysql-5.5\bin\mysqld.exe: ready for connections.
Version: '5.5.25'  socket: ''  port: 3306  MySQL Community Server (GPL)
161206 18:24:36 [Note] Plugin 'FEDERATED' is disabled.
161206 18:24:36 InnoDB: The InnoDB memory heap is disabled
161206 18:24:36 InnoDB: Mutexes and rw_locks use Windows interlocked functions
161206 18:24:36 InnoDB: Compressed tables use zlib 1.2.3
161206 18:24:36 InnoDB: Initializing buffer pool, size = 128.0M
161206 18:24:36 InnoDB: Completed initialization of buffer pool
161206 18:24:37 InnoDB: highest supported file format is Barracuda.
InnoDB: The log sequence number in ibdata files does not match
InnoDB: the log sequence number in the ib_logfiles!
161206 18:24:37  InnoDB: Database was not shut down normally!
InnoDB: Starting crash recovery.
InnoDB: Reading tablespace information from the .ibd files...
InnoDB: Restoring possible half-written data pages from the doublewrite
InnoDB: buffer...
161206 18:24:38  InnoDB: Waiting for the background threads to start
161206 18:24:39 InnoDB: 1.1.8 started; log sequence number 1595675
161206 18:24:39 [Note] Server hostname (bind-address): '127.0.0.1'; port: 3306
161206 18:24:39 [Note]   - '127.0.0.1' resolves to '127.0.0.1';
161206 18:24:39 [Note] Server socket created on IP: '127.0.0.1'.
161206 18:24:39 [Note] Event Scheduler: Loaded 0 events
161206 18:24:39 [Note] \usr\local\mysql-5.5\bin\mysqld.exe: ready for connections.
Version: '5.5.25'  socket: ''  port: 3306  MySQL Community Server (GPL)
161206 18:37:11 [Note] Plugin 'FEDERATED' is disabled.
161206 18:37:11 InnoDB: The InnoDB memory heap is disabled
161206 18:37:11 InnoDB: Mutexes and rw_locks use Windows interlocked functions
161206 18:37:11 InnoDB: Compressed tables use zlib 1.2.3
161206 18:37:11 InnoDB: Initializing buffer pool, size = 128.0M
161206 18:37:11 InnoDB: Completed initialization of buffer pool
161206 18:37:11 InnoDB: highest supported file format is Barracuda.
InnoDB: The log sequence number in ibdata files does not match
InnoDB: the log sequence number in the ib_logfiles!
161206 18:37:11  InnoDB: Database was not shut down normally!
InnoDB: Starting crash recovery.
InnoDB: Reading tablespace information from the .ibd files...
InnoDB: Restoring possible half-written data pages from the doublewrite
InnoDB: buffer...
161206 18:37:11  InnoDB: Waiting for the background threads to start
161206 18:37:12 InnoDB: 1.1.8 started; log sequence number 1595675
161206 18:37:12 [Note] Server hostname (bind-address): '127.0.0.1'; port: 3306
161206 18:37:12 [Note]   - '127.0.0.1' resolves to '127.0.0.1';
161206 18:37:12 [Note] Server socket created on IP: '127.0.0.1'.
161206 18:37:12 [Note] Event Scheduler: Loaded 0 events
161206 18:37:12 [Note] \usr\local\mysql-5.5\bin\mysqld.exe: ready for connections.
Version: '5.5.25'  socket: ''  port: 3306  MySQL Community Server (GPL)
161206 18:40:49 [Note] Plugin 'FEDERATED' is disabled.
161206 18:40:49 InnoDB: The InnoDB memory heap is disabled
161206 18:40:49 InnoDB: Mutexes and rw_locks use Windows interlocked functions
161206 18:40:49 InnoDB: Compressed tables use zlib 1.2.3
161206 18:40:49 InnoDB: Initializing buffer pool, size = 128.0M
161206 18:40:50 InnoDB: Completed initialization of buffer pool
161206 18:40:50 InnoDB: highest supported file format is Barracuda.
InnoDB: The log sequence number in ibdata files does not match
InnoDB: the log sequence number in the ib_logfiles!
161206 18:40:50  InnoDB: Database was not shut down normally!
InnoDB: Starting crash recovery.
InnoDB: Reading tablespace information from the .ibd files...
InnoDB: Restoring possible half-written data pages from the doublewrite
InnoDB: buffer...
161206 18:40:50  InnoDB: Waiting for the background threads to start
161206 18:40:51 InnoDB: 1.1.8 started; log sequence number 1595675
161206 18:40:51 [Note] Server hostname (bind-address): '127.0.0.1'; port: 3306
161206 18:40:51 [Note]   - '127.0.0.1' resolves to '127.0.0.1';
161206 18:40:51 [Note] Server socket created on IP: '127.0.0.1'.
161206 18:40:51 [Note] Event Scheduler: Loaded 0 events
161206 18:40:51 [Note] \usr\local\mysql-5.5\bin\mysqld.exe: ready for connections.
Version: '5.5.25'  socket: ''  port: 3306  MySQL Community Server (GPL)
161206 18:42:16 [Note] Plugin 'FEDERATED' is disabled.
161206 18:42:16 InnoDB: The InnoDB memory heap is disabled
161206 18:42:16 InnoDB: Mutexes and rw_locks use Windows interlocked functions
161206 18:42:16 InnoDB: Compressed tables use zlib 1.2.3
161206 18:42:16 InnoDB: Initializing buffer pool, size = 128.0M
161206 18:42:16 InnoDB: Completed initialization of buffer pool
161206 18:42:16 InnoDB: highest supported file format is Barracuda.
InnoDB: The log sequence number in ibdata files does not match
InnoDB: the log sequence number in the ib_logfiles!
161206 18:42:16  InnoDB: Database was not shut down normally!
InnoDB: Starting crash recovery.
InnoDB: Reading tablespace information from the .ibd files...
InnoDB: Restoring possible half-written data pages from the doublewrite
InnoDB: buffer...
161206 18:42:16  InnoDB: Waiting for the background threads to start
161206 18:42:17 InnoDB: 1.1.8 started; log sequence number 1595675
161206 18:42:17 [Note] Server hostname (bind-address): '127.0.0.1'; port: 3306
161206 18:42:17 [Note]   - '127.0.0.1' resolves to '127.0.0.1';
161206 18:42:17 [Note] Server socket created on IP: '127.0.0.1'.
161206 18:42:17 [Note] Event Scheduler: Loaded 0 events
161206 18:42:17 [Note] \usr\local\mysql-5.5\bin\mysqld.exe: ready for connections.
Version: '5.5.25'  socket: ''  port: 3306  MySQL Community Server (GPL)
161206 18:44:20 [Note] Plugin 'FEDERATED' is disabled.
161206 18:44:20 InnoDB: The InnoDB memory heap is disabled
161206 18:44:20 InnoDB: Mutexes and rw_locks use Windows interlocked functions
161206 18:44:20 InnoDB: Compressed tables use zlib 1.2.3
161206 18:44:20 InnoDB: Initializing buffer pool, size = 128.0M
161206 18:44:20 InnoDB: Completed initialization of buffer pool
161206 18:44:20 InnoDB: highest supported file format is Barracuda.
InnoDB: The log sequence number in ibdata files does not match
InnoDB: the log sequence number in the ib_logfiles!
161206 18:44:20  InnoDB: Database was not shut down normally!
InnoDB: Starting crash recovery.
InnoDB: Reading tablespace information from the .ibd files...
InnoDB: Restoring possible half-written data pages from the doublewrite
InnoDB: buffer...
161206 18:44:20  InnoDB: Waiting for the background threads to start
161206 18:44:21 InnoDB: 1.1.8 started; log sequence number 1595675
161206 18:44:21 [Note] Server hostname (bind-address): '127.0.0.1'; port: 3306
161206 18:44:21 [Note]   - '127.0.0.1' resolves to '127.0.0.1';
161206 18:44:21 [Note] Server socket created on IP: '127.0.0.1'.
161206 18:44:21 [Note] Event Scheduler: Loaded 0 events
161206 18:44:21 [Note] \usr\local\mysql-5.5\bin\mysqld.exe: ready for connections.
Version: '5.5.25'  socket: ''  port: 3306  MySQL Community Server (GPL)
161206 19:16:46 [Note] Plugin 'FEDERATED' is disabled.
161206 19:16:46 InnoDB: The InnoDB memory heap is disabled
161206 19:16:46 InnoDB: Mutexes and rw_locks use Windows interlocked functions
161206 19:16:46 InnoDB: Compressed tables use zlib 1.2.3
161206 19:16:46 InnoDB: Initializing buffer pool, size = 128.0M
161206 19:16:46 InnoDB: Completed initialization of buffer pool
161206 19:16:46 InnoDB: highest supported file format is Barracuda.
InnoDB: The log sequence number in ibdata files does not match
InnoDB: the log sequence number in the ib_logfiles!
161206 19:16:46  InnoDB: Database was not shut down normally!
InnoDB: Starting crash recovery.
InnoDB: Reading tablespace information from the .ibd files...
InnoDB: Restoring possible half-written data pages from the doublewrite
InnoDB: buffer...
161206 19:16:50  InnoDB: Waiting for the background threads to start
161206 19:16:51 InnoDB: 1.1.8 started; log sequence number 1595675
161206 19:16:51 [Note] Server hostname (bind-address): '127.0.0.1'; port: 3306
161206 19:16:51 [Note]   - '127.0.0.1' resolves to '127.0.0.1';
161206 19:16:51 [Note] Server socket created on IP: '127.0.0.1'.
161206 19:16:51 [Note] Event Scheduler: Loaded 0 events
161206 19:16:51 [Note] \usr\local\mysql-5.5\bin\mysqld.exe: ready for connections.
Version: '5.5.25'  socket: ''  port: 3306  MySQL Community Server (GPL)
161206 19:23:48 [Note] Plugin 'FEDERATED' is disabled.
161206 19:23:48 InnoDB: The InnoDB memory heap is disabled
161206 19:23:48 InnoDB: Mutexes and rw_locks use Windows interlocked functions
161206 19:23:48 InnoDB: Compressed tables use zlib 1.2.3
161206 19:23:48 InnoDB: Initializing buffer pool, size = 128.0M
161206 19:23:48 InnoDB: Completed initialization of buffer pool
161206 19:23:48 InnoDB: highest supported file format is Barracuda.
InnoDB: The log sequence number in ibdata files does not match
InnoDB: the log sequence number in the ib_logfiles!
161206 19:23:48  InnoDB: Database was not shut down normally!
InnoDB: Starting crash recovery.
InnoDB: Reading tablespace information from the .ibd files...
InnoDB: Restoring possible half-written data pages from the doublewrite
InnoDB: buffer...
161206 19:23:49  InnoDB: Waiting for the background threads to start
161206 19:23:50 InnoDB: 1.1.8 started; log sequence number 1595675
161206 19:23:50 [Note] Server hostname (bind-address): '127.0.0.1'; port: 3306
161206 19:23:50 [Note]   - '127.0.0.1' resolves to '127.0.0.1';
161206 19:23:50 [Note] Server socket created on IP: '127.0.0.1'.
161206 19:23:50 [Note] Event Scheduler: Loaded 0 events
161206 19:23:50 [Note] \usr\local\mysql-5.5\bin\mysqld.exe: ready for connections.
Version: '5.5.25'  socket: ''  port: 3306  MySQL Community Server (GPL)
161206 19:26:30 [Note] Plugin 'FEDERATED' is disabled.
161206 19:26:30 InnoDB: The InnoDB memory heap is disabled
161206 19:26:30 InnoDB: Mutexes and rw_locks use Windows interlocked functions
161206 19:26:30 InnoDB: Compressed tables use zlib 1.2.3
161206 19:26:30 InnoDB: Initializing buffer pool, size = 128.0M
161206 19:26:30 InnoDB: Completed initialization of buffer pool
161206 19:26:30 InnoDB: highest supported file format is Barracuda.
InnoDB: The log sequence number in ibdata files does not match
InnoDB: the log sequence number in the ib_logfiles!
161206 19:26:30  InnoDB: Database was not shut down normally!
InnoDB: Starting crash recovery.
InnoDB: Reading tablespace information from the .ibd files...
InnoDB: Restoring possible half-written data pages from the doublewrite
InnoDB: buffer...
161206 19:26:31  InnoDB: Waiting for the background threads to start
161206 19:26:32 InnoDB: 1.1.8 started; log sequence number 1595675
161206 19:26:32 [Note] Server hostname (bind-address): '127.0.0.1'; port: 3306
161206 19:26:32 [Note]   - '127.0.0.1' resolves to '127.0.0.1';
161206 19:26:32 [Note] Server socket created on IP: '127.0.0.1'.
161206 19:26:32 [Note] Event Scheduler: Loaded 0 events
161206 19:26:32 [Note] \usr\local\mysql-5.5\bin\mysqld.exe: ready for connections.
Version: '5.5.25'  socket: ''  port: 3306  MySQL Community Server (GPL)
161208 14:59:43 [Note] Plugin 'FEDERATED' is disabled.
161208 14:59:43 InnoDB: The InnoDB memory heap is disabled
161208 14:59:43 InnoDB: Mutexes and rw_locks use Windows interlocked functions
161208 14:59:43 InnoDB: Compressed tables use zlib 1.2.3
161208 14:59:43 InnoDB: Initializing buffer pool, size = 128.0M
161208 14:59:43 InnoDB: Completed initialization of buffer pool
161208 14:59:44 InnoDB: highest supported file format is Barracuda.
InnoDB: The log sequence number in ibdata files does not match
InnoDB: the log sequence number in the ib_logfiles!
161208 14:59:44  InnoDB: Database was not shut down normally!
InnoDB: Starting crash recovery.
InnoDB: Reading tablespace information from the .ibd files...
InnoDB: Restoring possible half-written data pages from the doublewrite
InnoDB: buffer...
161208 14:59:47  InnoDB: Waiting for the background threads to start
161208 14:59:48 InnoDB: 1.1.8 started; log sequence number 1595675
161208 14:59:48 [Note] Server hostname (bind-address): '127.0.0.1'; port: 3306
161208 14:59:48 [Note]   - '127.0.0.1' resolves to '127.0.0.1';
161208 14:59:48 [Note] Server socket created on IP: '127.0.0.1'.
161208 14:59:48 [Note] Event Scheduler: Loaded 0 events
161208 14:59:48 [Note] \usr\local\mysql-5.5\bin\mysqld.exe: ready for connections.
Version: '5.5.25'  socket: ''  port: 3306  MySQL Community Server (GPL)
161209 18:01:08 [Note] Plugin 'FEDERATED' is disabled.
161209 18:01:08 InnoDB: The InnoDB memory heap is disabled
161209 18:01:08 InnoDB: Mutexes and rw_locks use Windows interlocked functions
161209 18:01:08 InnoDB: Compressed tables use zlib 1.2.3
161209 18:01:08 InnoDB: Initializing buffer pool, size = 128.0M
161209 18:01:08 InnoDB: Completed initialization of buffer pool
161209 18:01:09 InnoDB: highest supported file format is Barracuda.
InnoDB: The log sequence number in ibdata files does not match
InnoDB: the log sequence number in the ib_logfiles!
161209 18:01:09  InnoDB: Database was not shut down normally!
InnoDB: Starting crash recovery.
InnoDB: Reading tablespace information from the .ibd files...
InnoDB: Restoring possible half-written data pages from the doublewrite
InnoDB: buffer...
161209 18:01:22  InnoDB: Waiting for the background threads to start
161209 18:01:23 InnoDB: 1.1.8 started; log sequence number 1595675
161209 18:01:23 [Note] Server hostname (bind-address): '127.0.0.1'; port: 3306
161209 18:01:23 [Note]   - '127.0.0.1' resolves to '127.0.0.1';
161209 18:01:23 [Note] Server socket created on IP: '127.0.0.1'.
161209 18:01:23 [Note] Event Scheduler: Loaded 0 events
161209 18:01:23 [Note] \usr\local\mysql-5.5\bin\mysqld.exe: ready for connections.
Version: '5.5.25'  socket: ''  port: 3306  MySQL Community Server (GPL)
161209 18:02:43 [Note] Plugin 'FEDERATED' is disabled.
161209 18:02:43 InnoDB: The InnoDB memory heap is disabled
161209 18:02:43 InnoDB: Mutexes and rw_locks use Windows interlocked functions
161209 18:02:43 InnoDB: Compressed tables use zlib 1.2.3
161209 18:02:43 InnoDB: Initializing buffer pool, size = 128.0M
161209 18:02:43 InnoDB: Completed initialization of buffer pool
161209 18:02:44 InnoDB: highest supported file format is Barracuda.
InnoDB: The log sequence number in ibdata files does not match
InnoDB: the log sequence number in the ib_logfiles!
161209 18:02:44  InnoDB: Database was not shut down normally!
InnoDB: Starting crash recovery.
InnoDB: Reading tablespace information from the .ibd files...
InnoDB: Restoring possible half-written data pages from the doublewrite
InnoDB: buffer...
161209 18:02:44  InnoDB: Waiting for the background threads to start
161209 18:02:45 InnoDB: 1.1.8 started; log sequence number 1595675
161209 18:02:45 [Note] Server hostname (bind-address): '127.0.0.1'; port: 3306
161209 18:02:45 [Note]   - '127.0.0.1' resolves to '127.0.0.1';
161209 18:02:45 [Note] Server socket created on IP: '127.0.0.1'.
161209 18:02:45 [Note] Event Scheduler: Loaded 0 events
161209 18:02:45 [Note] \usr\local\mysql-5.5\bin\mysqld.exe: ready for connections.
Version: '5.5.25'  socket: ''  port: 3306  MySQL Community Server (GPL)
161209 18:08:10 [Note] Plugin 'FEDERATED' is disabled.
161209 18:08:10 InnoDB: The InnoDB memory heap is disabled
161209 18:08:10 InnoDB: Mutexes and rw_locks use Windows interlocked functions
161209 18:08:10 InnoDB: Compressed tables use zlib 1.2.3
161209 18:08:10 InnoDB: Initializing buffer pool, size = 128.0M
161209 18:08:10 InnoDB: Completed initialization of buffer pool
161209 18:08:10 InnoDB: highest supported file format is Barracuda.
InnoDB: The log sequence number in ibdata files does not match
InnoDB: the log sequence number in the ib_logfiles!
161209 18:08:10  InnoDB: Database was not shut down normally!
InnoDB: Starting crash recovery.
InnoDB: Reading tablespace information from the .ibd files...
InnoDB: Restoring possible half-written data pages from the doublewrite
InnoDB: buffer...
161209 18:08:10  InnoDB: Waiting for the background threads to start
161209 18:08:11 InnoDB: 1.1.8 started; log sequence number 1595675
161209 18:08:11 [Note] Server hostname (bind-address): '127.0.0.1'; port: 3306
161209 18:08:11 [Note]   - '127.0.0.1' resolves to '127.0.0.1';
161209 18:08:11 [Note] Server socket created on IP: '127.0.0.1'.
161209 18:08:11 [Note] Event Scheduler: Loaded 0 events
161209 18:08:11 [Note] \usr\local\mysql-5.5\bin\mysqld.exe: ready for connections.
Version: '5.5.25'  socket: ''  port: 3306  MySQL Community Server (GPL)
161209 18:08:52 [Note] Plugin 'FEDERATED' is disabled.
161209 18:08:52 InnoDB: The InnoDB memory heap is disabled
161209 18:08:52 InnoDB: Mutexes and rw_locks use Windows interlocked functions
161209 18:08:52 InnoDB: Compressed tables use zlib 1.2.3
161209 18:08:52 InnoDB: Initializing buffer pool, size = 128.0M
161209 18:08:52 InnoDB: Completed initialization of buffer pool
161209 18:08:52 InnoDB: highest supported file format is Barracuda.
InnoDB: The log sequence number in ibdata files does not match
InnoDB: the log sequence number in the ib_logfiles!
161209 18:08:52  InnoDB: Database was not shut down normally!
InnoDB: Starting crash recovery.
InnoDB: Reading tablespace information from the .ibd files...
InnoDB: Restoring possible half-written data pages from the doublewrite
InnoDB: buffer...
161209 18:08:52  InnoDB: Waiting for the background threads to start
161209 18:08:53 InnoDB: 1.1.8 started; log sequence number 1595675
161209 18:08:53 [Note] Server hostname (bind-address): '127.0.0.1'; port: 3306
161209 18:08:53 [Note]   - '127.0.0.1' resolves to '127.0.0.1';
161209 18:08:53 [Note] Server socket created on IP: '127.0.0.1'.
161209 18:08:53 [Note] Event Scheduler: Loaded 0 events
161209 18:08:53 [Note] \usr\local\mysql-5.5\bin\mysqld.exe: ready for connections.
Version: '5.5.25'  socket: ''  port: 3306  MySQL Community Server (GPL)
161209 18:27:20 [Note] Plugin 'FEDERATED' is disabled.
161209 18:27:20 InnoDB: The InnoDB memory heap is disabled
161209 18:27:20 InnoDB: Mutexes and rw_locks use Windows interlocked functions
161209 18:27:20 InnoDB: Compressed tables use zlib 1.2.3
161209 18:27:20 InnoDB: Initializing buffer pool, size = 128.0M
161209 18:27:20 InnoDB: Completed initialization of buffer pool
161209 18:27:20 InnoDB: highest supported file format is Barracuda.
InnoDB: The log sequence number in ibdata files does not match
InnoDB: the log sequence number in the ib_logfiles!
161209 18:27:20  InnoDB: Database was not shut down normally!
InnoDB: Starting crash recovery.
InnoDB: Reading tablespace information from the .ibd files...
InnoDB: Restoring possible half-written data pages from the doublewrite
InnoDB: buffer...
161209 18:27:20  InnoDB: Waiting for the background threads to start
161209 18:27:21 InnoDB: 1.1.8 started; log sequence number 1595675
161209 18:27:21 [Note] Server hostname (bind-address): '127.0.0.1'; port: 3306
161209 18:27:21 [Note]   - '127.0.0.1' resolves to '127.0.0.1';
161209 18:27:21 [Note] Server socket created on IP: '127.0.0.1'.
161209 18:27:21 [Note] Event Scheduler: Loaded 0 events
161209 18:27:21 [Note] \usr\local\mysql-5.5\bin\mysqld.exe: ready for connections.
Version: '5.5.25'  socket: ''  port: 3306  MySQL Community Server (GPL)
161216 19:00:19 [Note] Plugin 'FEDERATED' is disabled.
161216 19:00:19 InnoDB: The InnoDB memory heap is disabled
161216 19:00:19 InnoDB: Mutexes and rw_locks use Windows interlocked functions
161216 19:00:19 InnoDB: Compressed tables use zlib 1.2.3
161216 19:00:19 InnoDB: Initializing buffer pool, size = 128.0M
161216 19:00:19 InnoDB: Completed initialization of buffer pool
161216 19:00:19 InnoDB: highest supported file format is Barracuda.
InnoDB: The log sequence number in ibdata files does not match
InnoDB: the log sequence number in the ib_logfiles!
161216 19:00:19  InnoDB: Database was not shut down normally!
InnoDB: Starting crash recovery.
InnoDB: Reading tablespace information from the .ibd files...
InnoDB: Restoring possible half-written data pages from the doublewrite
InnoDB: buffer...
161216 19:00:20  InnoDB: Waiting for the background threads to start
161216 19:00:21 InnoDB: 1.1.8 started; log sequence number 1595675
161216 19:00:21 [Note] Server hostname (bind-address): '127.0.0.1'; port: 3306
161216 19:00:21 [Note]   - '127.0.0.1' resolves to '127.0.0.1';
161216 19:00:21 [Note] Server socket created on IP: '127.0.0.1'.
161216 19:00:23 [Note] Event Scheduler: Loaded 0 events
161216 19:00:23 [Note] \usr\local\mysql-5.5\bin\mysqld.exe: ready for connections.
Version: '5.5.25'  socket: ''  port: 3306  MySQL Community Server (GPL)
161220 11:26:38 [Note] Plugin 'FEDERATED' is disabled.
161220 11:26:38 InnoDB: The InnoDB memory heap is disabled
161220 11:26:38 InnoDB: Mutexes and rw_locks use Windows interlocked functions
161220 11:26:38 InnoDB: Compressed tables use zlib 1.2.3
161220 11:26:38 InnoDB: Initializing buffer pool, size = 128.0M
161220 11:26:38 InnoDB: Completed initialization of buffer pool
161220 11:26:38 InnoDB: highest supported file format is Barracuda.
InnoDB: The log sequence number in ibdata files does not match
InnoDB: the log sequence number in the ib_logfiles!
161220 11:26:38  InnoDB: Database was not shut down normally!
InnoDB: Starting crash recovery.
InnoDB: Reading tablespace information from the .ibd files...
InnoDB: Restoring possible half-written data pages from the doublewrite
InnoDB: buffer...
161220 11:26:39  InnoDB: Waiting for the background threads to start
161220 11:26:40 InnoDB: 1.1.8 started; log sequence number 1595675
161220 11:26:40 [Note] Server hostname (bind-address): '127.0.0.1'; port: 3306
161220 11:26:40 [Note]   - '127.0.0.1' resolves to '127.0.0.1';
161220 11:26:40 [Note] Server socket created on IP: '127.0.0.1'.
161220 11:26:40 [Note] Event Scheduler: Loaded 0 events
161220 11:26:40 [Note] \usr\local\mysql-5.5\bin\mysqld.exe: ready for connections.
Version: '5.5.25'  socket: ''  port: 3306  MySQL Community Server (GPL)
161220 18:14:28 [Note] Plugin 'FEDERATED' is disabled.
161220 18:14:28 InnoDB: The InnoDB memory heap is disabled
161220 18:14:28 InnoDB: Mutexes and rw_locks use Windows interlocked functions
161220 18:14:28 InnoDB: Compressed tables use zlib 1.2.3
161220 18:14:28 InnoDB: Initializing buffer pool, size = 128.0M
161220 18:14:28 InnoDB: Completed initialization of buffer pool
161220 18:14:28 InnoDB: highest supported file format is Barracuda.
InnoDB: The log sequence number in ibdata files does not match
InnoDB: the log sequence number in the ib_logfiles!
161220 18:14:28  InnoDB: Database was not shut down normally!
InnoDB: Starting crash recovery.
InnoDB: Reading tablespace information from the .ibd files...
InnoDB: Restoring possible half-written data pages from the doublewrite
InnoDB: buffer...
161220 18:14:30  InnoDB: Waiting for the background threads to start
161220 18:14:31 InnoDB: 1.1.8 started; log sequence number 1595675
161220 18:14:31 [Note] Server hostname (bind-address): '127.0.0.1'; port: 3306
161220 18:14:31 [Note]   - '127.0.0.1' resolves to '127.0.0.1';
161220 18:14:31 [Note] Server socket created on IP: '127.0.0.1'.
